<?xml version="1.0" encoding="UTF-8"?>
<!-- Generated by org.testng.reporters.JUnitReportReporter -->
<testsuite skipped="0" hostname="LAPTOP-TBA24BB5" name="approval.ApprovalcountStatutory" tests="9" failures="0" timestamp="2022-12-26T18:39:24 IST" time="499.401" errors="0">
  <testcase name="Login" time="33.684" classname="approval.ApprovalcountStatutory"/>
  <system-out/>
  <testcase name="ClosedDelayed_PieChart" time="51.419" classname="approval.ApprovalcountStatutory"/>
  <system-out/>
  <testcase name="ClosedTimely_PieChart" time="47.252" classname="approval.ApprovalcountStatutory"/>
  <system-out/>
  <testcase name="pendingForReview_PieChart" time="56.516" classname="approval.ApprovalcountStatutory"/>
  <system-out/>
  <testcase name="rejected_PieChart" time="56.750" classname="approval.ApprovalcountStatutory"/>
  <system-out/>
  <testcase name="RiskSummaryHighStatutory" time="51.694" classname="approval.ApprovalcountStatutory"/>
  <system-out/>
  <testcase name="DepartmentSummaryAccountStatutory" time="93.911" classname="approval.ApprovalcountStatutory"/>
  <system-out/>
  <testcase name="ClosedTimely_PieChartPeriod" time="52.218" classname="approval.ApprovalcountStatutory"/>
  <system-out/>
  <testcase name="pendingForReview_PieChartPeriod" time="55.957" classname="approval.ApprovalcountStatutory"/>
  <system-out/>
</testsuite> <!-- approval.ApprovalcountStatutory -->
