<?xml version="1.0" encoding="UTF-8"?>
<!-- Generated by org.testng.reporters.JUnitReportReporter -->
<testsuite skipped="0" hostname="LAPTOP-TBA24BB5" name="performer.OverdueCount" tests="8" failures="0" timestamp="2022-12-30T10:24:43 IST" time="386.167" errors="1">
  <testcase name="Login" time="40.166" classname="performer.OverdueCount"/>
  <system-out/>
  <testcase name="DetailedReport" time="57.318" classname="performer.OverdueCount"/>
  <system-out/>
  <testcase name="AssignmentReport" time="60.407" classname="performer.OverdueCount"/>
  <system-out/>
  <testcase name="TaskReport" time="2.851" classname="performer.OverdueCount">
    <error type="org.openqa.selenium.ElementClickInterceptedException" message="element click intercepted: Element &lt;li role=&quot;menuitem&quot; id=&quot;Myreporttask&quot; class=&quot;dynamic&quot; style=&quot;position: relative;&quot;&gt;...&lt;/li&gt; is not clickable at point (113, 486). Other element would receive the click: &lt;img style=&quot;width:80px;height:80px&quot; src=&quot;../images/manager-email.png&quot;&gt;
  (Session info: chrome=108.0.5359.125)
Build info: version: &#039;4.2.1&#039;, revision: &#039;ac4d0fdd4a&#039;
System info: host: &#039;LAPTOP-TBA24BB5&#039;, ip: &#039;169.254.196.149&#039;, os.name: &#039;Windows 10&#039;, os.arch: &#039;x86&#039;, os.version: &#039;10.0&#039;, java.version: &#039;1.8.0_221&#039;
Driver info: org.openqa.selenium.chrome.ChromeDriver
Command: [9f761129e20eb727834ecb24eb83cdb5, clickElement {id=9b699336-fed7-46a2-af99-68bada593277}]
Capabilities {acceptInsecureCerts: false, browserName: chrome, browserVersion: 108.0.5359.125, chrome: {chromedriverVersion: 108.0.5359.71 (1e0e3868ee06..., userDataDir: C:\Users\sandip\AppData\Loc...}, goog:chromeOptions: {debuggerAddress: localhost:61082}, networkConnectionEnabled: false, pageLoadStrategy: normal, platformName: WINDOWS, proxy: Proxy(), se:cdp: ws://localhost:61082/devtoo..., se:cdpVersion: 108.0.5359.125, setWindowRect: true, strictFileInteractability: false, timeouts: {implicit: 0, pageLoad: 300000, script: 30000}, unhandledPromptBehavior: dismiss and notify, webauthn:extension:credBlob: true, webauthn:extension:largeBlob: true, webauthn:virtualAuthenticators: true}
Element: [[ChromeDriver: chrome on WINDOWS (9f761129e20eb727834ecb24eb83cdb5)] -&gt; xpath: //*[@id=&#039;Myreporttask&#039;]]
Session ID: 9f761129e20eb727834ecb24eb83cdb5">
      <![CDATA[org.openqa.selenium.ElementClickInterceptedException: element click intercepted: Element <li role="menuitem" id="Myreporttask" class="dynamic" style="position: relative;">...</li> is not clickable at point (113, 486). Other element would receive the click: <img style="width:80px;height:80px" src="../images/manager-email.png">
  (Session info: chrome=108.0.5359.125)
Build info: version: '4.2.1', revision: 'ac4d0fdd4a'
System info: host: 'LAPTOP-TBA24BB5', ip: '169.254.196.149', os.name: 'Windows 10', os.arch: 'x86', os.version: '10.0', java.version: '1.8.0_221'
Driver info: org.openqa.selenium.chrome.ChromeDriver
Command: [9f761129e20eb727834ecb24eb83cdb5, clickElement {id=9b699336-fed7-46a2-af99-68bada593277}]
Capabilities {acceptInsecureCerts: false, browserName: chrome, browserVersion: 108.0.5359.125, chrome: {chromedriverVersion: 108.0.5359.71 (1e0e3868ee06..., userDataDir: C:\Users\sandip\AppData\Loc...}, goog:chromeOptions: {debuggerAddress: localhost:61082}, networkConnectionEnabled: false, pageLoadStrategy: normal, platformName: WINDOWS, proxy: Proxy(), se:cdp: ws://localhost:61082/devtoo..., se:cdpVersion: 108.0.5359.125, setWindowRect: true, strictFileInteractability: false, timeouts: {implicit: 0, pageLoad: 300000, script: 30000}, unhandledPromptBehavior: dismiss and notify, webauthn:extension:credBlob: true, webauthn:extension:largeBlob: true, webauthn:virtualAuthenticators: true}
Element: [[ChromeDriver: chrome on WINDOWS (9f761129e20eb727834ecb24eb83cdb5)] -> xpath: //*[@id='Myreporttask']]
Session ID: 9f761129e20eb727834ecb24eb83cdb5
at sun.reflect.NativeConstructorAccessorImpl.newInstance0(Native Method)
at sun.reflect.NativeConstructorAccessorImpl.newInstance(Unknown Source)
at sun.reflect.DelegatingConstructorAccessorImpl.newInstance(Unknown Source)
at java.lang.reflect.Constructor.newInstance(Unknown Source)
at org.openqa.selenium.remote.codec.w3c.W3CHttpResponseCodec.createException(W3CHttpResponseCodec.java:200)
at org.openqa.selenium.remote.codec.w3c.W3CHttpResponseCodec.decode(W3CHttpResponseCodec.java:133)
at org.openqa.selenium.remote.codec.w3c.W3CHttpResponseCodec.decode(W3CHttpResponseCodec.java:53)
at org.openqa.selenium.remote.HttpCommandExecutor.execute(HttpCommandExecutor.java:184)
at org.openqa.selenium.remote.service.DriverCommandExecutor.invokeExecute(DriverCommandExecutor.java:167)
at org.openqa.selenium.remote.service.DriverCommandExecutor.execute(DriverCommandExecutor.java:142)
at org.openqa.selenium.remote.RemoteWebDriver.execute(RemoteWebDriver.java:551)
at org.openqa.selenium.remote.RemoteWebElement.execute(RemoteWebElement.java:257)
at org.openqa.selenium.remote.RemoteWebElement.click(RemoteWebElement.java:78)
at performer.MethodsPOM.TaskReport(MethodsPOM.java:2988)
at performer.OverdueCount.TaskReport(OverdueCount.java:602)
at sun.reflect.NativeMethodAccessorImpl.invoke0(Native Method)
at sun.reflect.NativeMethodAccessorImpl.invoke(Unknown Source)
at sun.reflect.DelegatingMethodAccessorImpl.invoke(Unknown Source)
at java.lang.reflect.Method.invoke(Unknown Source)
at org.testng.internal.MethodInvocationHelper.invokeMethod(MethodInvocationHelper.java:133)
at org.testng.internal.TestInvoker.invokeMethod(TestInvoker.java:598)
at org.testng.internal.TestInvoker.invokeTestMethod(TestInvoker.java:173)
at org.testng.internal.MethodRunner.runInSequence(MethodRunner.java:46)
at org.testng.internal.TestInvoker$MethodInvocationAgent.invoke(TestInvoker.java:824)
at org.testng.internal.TestInvoker.invokeTestMethods(TestInvoker.java:146)
at org.testng.internal.TestMethodWorker.invokeTestMethods(TestMethodWorker.java:146)
at org.testng.internal.TestMethodWorker.run(TestMethodWorker.java:128)
at java.util.ArrayList.forEach(Unknown Source)
at org.testng.TestRunner.privateRun(TestRunner.java:794)
at org.testng.TestRunner.run(TestRunner.java:596)
at org.testng.SuiteRunner.runTest(SuiteRunner.java:377)
at org.testng.SuiteRunner.runSequentially(SuiteRunner.java:371)
at org.testng.SuiteRunner.privateRun(SuiteRunner.java:332)
at org.testng.SuiteRunner.run(SuiteRunner.java:276)
at org.testng.SuiteRunnerWorker.runSuite(SuiteRunnerWorker.java:53)
at org.testng.SuiteRunnerWorker.run(SuiteRunnerWorker.java:96)
at org.testng.TestNG.runSuitesSequentially(TestNG.java:1212)
at org.testng.TestNG.runSuitesLocally(TestNG.java:1134)
at org.testng.TestNG.runSuites(TestNG.java:1063)
at org.testng.TestNG.run(TestNG.java:1031)
at org.testng.remote.AbstractRemoteTestNG.run(AbstractRemoteTestNG.java:115)
at org.testng.remote.RemoteTestNG.initAndRun(RemoteTestNG.java:251)
at org.testng.remote.RemoteTestNG.main(RemoteTestNG.java:77)
]]>
    </error>
  </testcase> <!-- TaskReport -->
  <system-out/>
  <testcase name="ComplianceRepository" time="24.483" classname="performer.OverdueCount"/>
  <system-out/>
  <testcase name="ComplianceDocumentsInter" time="151.250" classname="performer.OverdueCount"/>
  <system-out/>
  <testcase name="SupportTicket" time="16.014" classname="performer.OverdueCount"/>
  <system-out/>
  <testcase name="EventReport" time="33.678" classname="performer.OverdueCount"/>
  <system-out/>
</testsuite> <!-- performer.OverdueCount -->
