<?xml version="1.0" encoding="UTF-8"?>
<!-- Generated by org.testng.reporters.JUnitReportReporter -->
<testsuite skipped="0" hostname="LAPTOP-TBA24BB5" name="auditor.AuditorcountInternal" tests="2" failures="0" timestamp="2022-11-30T15:03:00 IST" time="137.481" errors="0">
  <testcase name="Login" time="93.098" classname="auditor.AuditorcountInternal"/>
  <system-out/>
  <testcase name="AssignmentReportInternal" time="44.383" classname="auditor.AuditorcountInternal"/>
  <system-out/>
</testsuite> <!-- auditor.AuditorcountInternal -->
