<?xml version="1.0" encoding="UTF-8"?>
<!-- Generated by org.testng.reporters.JUnitReportReporter -->
<testsuite skipped="0" hostname="LAPTOP-TBA24BB5" name="login.TestCase" tests="1" failures="0" timestamp="2022-12-07T15:12:16 IST" time="32.708" errors="0">
  <testcase name="Login" time="32.708" classname="login.TestCase"/>
  <system-out/>
</testsuite> <!-- login.TestCase -->
