<?xml version="1.0" encoding="UTF-8"?>
<!-- Generated by org.testng.reporters.JUnitReportReporter -->
<testsuite skipped="0" hostname="LAPTOP-TBA24BB5" name="cfo.CFOcountStatutory" tests="5" failures="0" timestamp="2022-12-01T13:56:28 IST" time="745.073" errors="0">
  <testcase name="Login" time="28.697" classname="cfo.CFOcountStatutory"/>
  <system-out/>
  <testcase name="Overdue_PieChartPeriod" time="159.823" classname="cfo.CFOcountStatutory"/>
  <system-out/>
  <testcase name="dueToday_PieChartPeriod" time="130.331" classname="cfo.CFOcountStatutory"/>
  <system-out/>
  <testcase name="pendingForReview_PieChartPeriod" time="204.695" classname="cfo.CFOcountStatutory"/>
  <system-out/>
  <testcase name="rejected_PieChartPeriod" time="221.527" classname="cfo.CFOcountStatutory"/>
  <system-out/>
</testsuite> <!-- cfo.CFOcountStatutory -->
