<?xml version="1.0" encoding="UTF-8"?>
<!-- Generated by org.testng.reporters.JUnitReportReporter -->
<testsuite skipped="0" hostname="LAPTOP-TBA24BB5" name="approval.ApprovalcountInternal" tests="5" failures="0" timestamp="2022-12-27T19:29:28 IST" time="314.584" errors="0">
  <testcase name="Login" time="50.505" classname="approval.ApprovalcountInternal"/>
  <system-out/>
  <testcase name="PFR_PieChartInternal" time="75.767" classname="approval.ApprovalcountInternal"/>
  <system-out/>
  <testcase name="Rejected_PieChartInternal" time="64.158" classname="approval.ApprovalcountInternal"/>
  <system-out/>
  <testcase name="PFR_PieChartInternalPeriod" time="58.509" classname="approval.ApprovalcountInternal"/>
  <system-out/>
  <testcase name="Rejected_PieChartInternalPeriod" time="65.645" classname="approval.ApprovalcountInternal"/>
  <system-out/>
</testsuite> <!-- approval.ApprovalcountInternal -->
