<?xml version="1.0" encoding="UTF-8"?>
<!-- Generated by org.testng.reporters.JUnitReportReporter -->
<testsuite skipped="0" hostname="LAPTOP-TBA24BB5" name="departmentHead.DeptcountStatutory" tests="2" failures="0" timestamp="2022-12-27T16:00:11 IST" time="95.379" errors="0">
  <testcase name="Login" time="56.918" classname="departmentHead.DeptcountStatutory"/>
  <system-out/>
  <testcase name="FilterWiseDepartmentCountMatch" time="38.461" classname="departmentHead.DeptcountStatutory"/>
  <system-out/>
</testsuite> <!-- departmentHead.DeptcountStatutory -->
