<?xml version="1.0" encoding="UTF-8"?>
<!-- Generated by org.testng.reporters.JUnitReportReporter -->
<testsuite skipped="0" hostname="LAPTOP-TBA24BB5" name="performer.OverdueCount" tests="2" failures="0" timestamp="2022-12-15T17:58:09 IST" time="84.326" errors="0">
  <testcase name="Login" time="36.663" classname="performer.OverdueCount"/>
  <system-out/>
  <testcase name="PerformerTaskPerformRejectedInternal" time="47.663" classname="performer.OverdueCount"/>
  <system-out/>
</testsuite> <!-- performer.OverdueCount -->
