<?xml version="1.0" encoding="UTF-8"?>
<!-- Generated by org.testng.reporters.JUnitReportReporter -->
<testsuite skipped="0" hostname="LAPTOP-TBA24BB5" name="performer.OverdueCount" tests="9" failures="0" timestamp="01 Nov 2022 04:09:14 GMT" time="292.385" errors="0">
  <testcase name="Login" time="16.634" classname="performer.OverdueCount"/>
  <testcase name="Upcoming_ComplianceStatutory" time="46.211" classname="performer.OverdueCount"/>
  <testcase name="Upcoming_ComplianceInternal" time="30.632" classname="performer.OverdueCount"/>
  <testcase name="DashboardStatutoryOverdue" time="52.743" classname="performer.OverdueCount"/>
  <testcase name="DashboardInternalOverdue" time="39.220" classname="performer.OverdueCount"/>
  <testcase name="StatutoryChecklistAction" time="34.267" classname="performer.OverdueCount"/>
  <testcase name="InternalCheckListAction" time="24.880" classname="performer.OverdueCount"/>
  <testcase name="DashboardRejectStatutory" time="25.066" classname="performer.OverdueCount"/>
  <testcase name="DashboardRejectInternal" time="22.732" classname="performer.OverdueCount"/>
</testsuite> <!-- performer.OverdueCount -->
