<?xml version="1.0" encoding="UTF-8"?>
<!-- Generated by org.testng.reporters.JUnitReportReporter -->
<testsuite skipped="0" hostname="LAPTOP-TBA24BB5" name="cfo.CFOcountInternal" tests="16" failures="0" timestamp="2022-12-22T19:07:36 IST" time="1068.516" errors="0">
  <testcase name="Login" time="64.000" classname="cfo.CFOcountInternal"/>
  <system-out/>
  <testcase name="ClosedTimely_PieChart" time="60.728" classname="cfo.CFOcountInternal"/>
  <system-out/>
  <testcase name="ClosedDelayed_PieChart" time="87.005" classname="cfo.CFOcountInternal"/>
  <system-out/>
  <testcase name="PFR_PieChartInternal" time="149.058" classname="cfo.CFOcountInternal"/>
  <system-out/>
  <testcase name="Rejected_PieChartInternal" time="71.919" classname="cfo.CFOcountInternal"/>
  <system-out/>
  <testcase name="BargraphBSEHighStatutory" time="60.537" classname="cfo.CFOcountInternal"/>
  <system-out/>
  <testcase name="BargraphBSEMediumStatutory" time="52.514" classname="cfo.CFOcountInternal"/>
  <system-out/>
  <testcase name="BargraphBSELowStatutory" time="48.869" classname="cfo.CFOcountInternal"/>
  <system-out/>
  <testcase name="RiskSummaryHighInternal" time="46.871" classname="cfo.CFOcountInternal"/>
  <system-out/>
  <testcase name="RiskSummaryMediumStatutory" time="49.084" classname="cfo.CFOcountInternal"/>
  <system-out/>
  <testcase name="RiskSummaryLowStatutory" time="48.288" classname="cfo.CFOcountInternal"/>
  <system-out/>
  <testcase name="DepartmentSummaryInternal" time="110.685" classname="cfo.CFOcountInternal"/>
  <system-out/>
  <testcase name="ClosedTimely_PieChartPeriod" time="48.513" classname="cfo.CFOcountInternal"/>
  <system-out/>
  <testcase name="ClosedDelayed_PieChartPeriod" time="47.283" classname="cfo.CFOcountInternal"/>
  <system-out/>
  <testcase name="PFR_PieChartInternalPeriod" time="57.124" classname="cfo.CFOcountInternal"/>
  <system-out/>
  <testcase name="Rejected_PieChartInternalPeriod" time="66.038" classname="cfo.CFOcountInternal"/>
  <system-out/>
</testsuite> <!-- cfo.CFOcountInternal -->
