<?xml version="1.0" encoding="UTF-8"?>
<!-- Generated by org.testng.reporters.JUnitReportReporter -->
<testsuite skipped="0" hostname="LAPTOP-TBA24BB5" name="departmentHead.DeptcountStatutory" tests="2" failures="0" timestamp="2022-12-09T18:56:05 IST" time="101.416" errors="0">
  <testcase name="Login" time="50.274" classname="departmentHead.DeptcountStatutory"/>
  <system-out/>
  <testcase name="DetailedReport" time="51.142" classname="departmentHead.DeptcountStatutory"/>
  <system-out/>
</testsuite> <!-- departmentHead.DeptcountStatutory -->
