<?xml version="1.0" encoding="UTF-8"?>
<!-- Generated by org.testng.reporters.JUnitReportReporter -->
<testsuite skipped="0" hostname="LAPTOP-TBA24BB5" name="performer.OverdueCount" tests="2" failures="0" timestamp="2022-12-28T17:57:02 IST" time="248.181" errors="0">
  <testcase name="Login" time="55.472" classname="performer.OverdueCount"/>
  <system-out/>
  <testcase name="DetailedReportIn" time="192.709" classname="performer.OverdueCount"/>
  <system-out/>
</testsuite> <!-- performer.OverdueCount -->
