<?xml version="1.0" encoding="UTF-8"?>
<!-- Generated by org.testng.reporters.JUnitReportReporter -->
<testsuite skipped="0" hostname="LAPTOP-TBA24BB5" name="approval.ApprovalcountInternal" tests="5" failures="0" timestamp="2022-12-26T13:03:25 IST" time="291.948" errors="0">
  <testcase name="Login" time="61.746" classname="approval.ApprovalcountInternal"/>
  <system-out/>
  <testcase name="PFR_PieChartInternal" time="56.490" classname="approval.ApprovalcountInternal"/>
  <system-out/>
  <testcase name="Rejected_PieChartInternal" time="58.304" classname="approval.ApprovalcountInternal"/>
  <system-out/>
  <testcase name="PFR_PieChartInternalPeriod" time="52.910" classname="approval.ApprovalcountInternal"/>
  <system-out/>
  <testcase name="Rejected_PieChartInternalPeriod" time="62.498" classname="approval.ApprovalcountInternal"/>
  <system-out/>
</testsuite> <!-- approval.ApprovalcountInternal -->
