<?xml version="1.0" encoding="UTF-8"?>
<!-- Generated by org.testng.reporters.JUnitReportReporter -->
<testsuite skipped="0" hostname="LAPTOP-TBA24BB5" name="performer.OverdueCount" tests="6" failures="0" timestamp="2022-12-14T18:40:22 IST" time="292.127" errors="0">
  <testcase name="Login" time="26.744" classname="performer.OverdueCount"/>
  <system-out/>
  <testcase name="InternalCheckListAction" time="92.385" classname="performer.OverdueCount"/>
  <system-out/>
  <testcase name="DashboardRejectStatutory" time="49.298" classname="performer.OverdueCount"/>
  <system-out/>
  <testcase name="DashboardRejectInternal" time="44.165" classname="performer.OverdueCount"/>
  <system-out/>
  <testcase name="ComplianceUpdateTask" time="36.157" classname="performer.OverdueCount"/>
  <system-out/>
  <testcase name="PenaltyUpdation" time="43.378" classname="performer.OverdueCount"/>
  <system-out/>
</testsuite> <!-- performer.OverdueCount -->
