<?xml version="1.0" encoding="UTF-8"?>
<!-- Generated by org.testng.reporters.JUnitReportReporter -->
<testsuite skipped="0" hostname="LAPTOP-TBA24BB5" name="performer.OverdueCount" tests="2" failures="0" timestamp="2022-11-24T18:37:05 IST" time="47.256" errors="0">
  <testcase name="Login" time="22.692" classname="performer.OverdueCount"/>
  <system-out/>
  <testcase name="MyEscalation" time="24.564" classname="performer.OverdueCount"/>
  <system-out/>
</testsuite> <!-- performer.OverdueCount -->
