<?xml version="1.0" encoding="UTF-8"?>
<!-- Generated by org.testng.reporters.JUnitReportReporter -->
<testsuite skipped="0" hostname="LAPTOP-TBA24BB5" name="cfo.CFOcountInternal" tests="7" failures="0" timestamp="2022-12-02T14:56:35 IST" time="479.276" errors="0">
  <testcase name="Login" time="38.707" classname="cfo.CFOcountInternal"/>
  <system-out/>
  <testcase name="ClosedTimely_PieChartPeriod" time="59.063" classname="cfo.CFOcountInternal"/>
  <system-out/>
  <testcase name="ClosedDelayed_PieChartPeriod" time="47.520" classname="cfo.CFOcountInternal"/>
  <system-out/>
  <testcase name="NotCompleted_PieChartPeriod" time="96.122" classname="cfo.CFOcountInternal"/>
  <system-out/>
  <testcase name="Overdue_PieChartInternalPeriod" time="104.250" classname="cfo.CFOcountInternal"/>
  <system-out/>
  <testcase name="PFR_PieChartInternalPeriod" time="66.538" classname="cfo.CFOcountInternal"/>
  <system-out/>
  <testcase name="Rejected_PieChartInternalPeriod" time="67.076" classname="cfo.CFOcountInternal"/>
  <system-out/>
</testsuite> <!-- cfo.CFOcountInternal -->
