<?xml version="1.0" encoding="UTF-8"?>
<!-- Generated by org.testng.reporters.JUnitReportReporter -->
<testsuite skipped="0" hostname="LAPTOP-TBA24BB5" name="cfo.CFOcountStatutory" tests="2" failures="0" timestamp="2023-01-04T15:47:43 IST" time="87.397" errors="0">
  <testcase name="Login" time="28.459" classname="cfo.CFOcountStatutory"/>
  <system-out/>
  <testcase name="StandardReportOverall" time="58.938" classname="cfo.CFOcountStatutory"/>
  <system-out/>
</testsuite> <!-- cfo.CFOcountStatutory -->
