<?xml version="1.0" encoding="UTF-8"?>
<!-- Generated by org.testng.reporters.JUnitReportReporter -->
<testsuite skipped="0" hostname="LAPTOP-TBA24BB5" name="login.TestCase" tests="2" failures="0" timestamp="2022-12-12T18:14:43 IST" time="45.609" errors="0">
  <testcase name="forgotPass" time="24.016" classname="login.TestCase"/>
  <system-out/>
  <testcase name="forgotPass1" time="21.593" classname="login.TestCase"/>
  <system-out/>
</testsuite> <!-- login.TestCase -->
