<?xml version="1.0" encoding="UTF-8"?>
<!-- Generated by org.testng.reporters.JUnitReportReporter -->
<testsuite skipped="0" hostname="LAPTOP-TBA24BB5" name="auditor.AuditorcountStatutory" tests="16" failures="0" timestamp="2022-12-23T19:29:31 IST" time="1881.921" errors="0">
  <testcase name="Login" time="27.223" classname="auditor.AuditorcountStatutory"/>
  <system-out/>
  <testcase name="ClosedDelayed_PieChart" time="217.480" classname="auditor.AuditorcountStatutory"/>
  <system-out/>
  <testcase name="ClosedTimely_PieChart" time="195.948" classname="auditor.AuditorcountStatutory"/>
  <system-out/>
  <testcase name="NotApplicable_PieChart" time="113.105" classname="auditor.AuditorcountStatutory"/>
  <system-out/>
  <testcase name="pendingForReview_PieChart" time="214.854" classname="auditor.AuditorcountStatutory"/>
  <system-out/>
  <testcase name="inProgress_PieChart" time="115.897" classname="auditor.AuditorcountStatutory"/>
  <system-out/>
  <testcase name="rejected_PieChart" time="213.266" classname="auditor.AuditorcountStatutory"/>
  <system-out/>
  <testcase name="RiskSummaryCriticalStatutory" time="51.399" classname="auditor.AuditorcountStatutory"/>
  <system-out/>
  <testcase name="RiskSummaryHighStatutory" time="51.802" classname="auditor.AuditorcountStatutory"/>
  <system-out/>
  <testcase name="RiskSummaryMediumStatutory" time="58.198" classname="auditor.AuditorcountStatutory"/>
  <system-out/>
  <testcase name="DepartmentSummaryFinanceStatutory" time="57.055" classname="auditor.AuditorcountStatutory"/>
  <system-out/>
  <testcase name="ClosedDelayed_PieChartPe" time="97.387" classname="auditor.AuditorcountStatutory"/>
  <system-out/>
  <testcase name="ClosedTimely_PieChartPe" time="101.799" classname="auditor.AuditorcountStatutory"/>
  <system-out/>
  <testcase name="pendingForReview_PieChartPeriod" time="196.233" classname="auditor.AuditorcountStatutory"/>
  <system-out/>
  <testcase name="inProgress_PieChartPeriod" time="107.494" classname="auditor.AuditorcountStatutory"/>
  <system-out/>
  <testcase name="rejected_PieChartPeriod" time="62.781" classname="auditor.AuditorcountStatutory"/>
  <system-out/>
</testsuite> <!-- auditor.AuditorcountStatutory -->
