<?xml version="1.0" encoding="UTF-8"?>
<!-- Generated by org.testng.reporters.JUnitReportReporter -->
<testsuite skipped="0" hostname="LAPTOP-TBA24BB5" name="cfo.CFOcountStatutory" tests="2" failures="0" timestamp="08 Nov 2022 08:59:38 GMT" time="208.895" errors="0">
  <testcase name="Login" time="44.515" classname="cfo.CFOcountStatutory"/>
  <testcase name="BargraphLabourHighStatutory" time="164.380" classname="cfo.CFOcountStatutory"/>
</testsuite> <!-- cfo.CFOcountStatutory -->
