<?xml version="1.0" encoding="UTF-8"?>
<!-- Generated by org.testng.reporters.JUnitReportReporter -->
<testsuite skipped="0" hostname="LAPTOP-TBA24BB5" name="login.LoginTest" tests="1" failures="0" timestamp="2022-12-12T15:56:45 IST" time="33.067" errors="0">
  <testcase name="f" time="33.067" classname="login.LoginTest"/>
  <system-out/>
</testsuite> <!-- login.LoginTest -->
