<?xml version="1.0" encoding="UTF-8"?>
<!-- Generated by org.testng.reporters.JUnitReportReporter -->
<testsuite skipped="0" hostname="LAPTOP-TBA24BB5" name="auditor.AuditorcountStatutory" tests="6" failures="0" timestamp="2022-12-23T11:37:22 IST" time="613.880" errors="0">
  <testcase name="Login" time="32.014" classname="auditor.AuditorcountStatutory"/>
  <system-out/>
  <testcase name="ClosedDelayed_PieChartPe" time="110.313" classname="auditor.AuditorcountStatutory"/>
  <system-out/>
  <testcase name="ClosedTimely_PieChartPe" time="101.174" classname="auditor.AuditorcountStatutory"/>
  <system-out/>
  <testcase name="pendingForReview_PieChartPeriod" time="198.127" classname="auditor.AuditorcountStatutory"/>
  <system-out/>
  <testcase name="inProgress_PieChartPeriod" time="106.854" classname="auditor.AuditorcountStatutory"/>
  <system-out/>
  <testcase name="rejected_PieChartPeriod" time="65.398" classname="auditor.AuditorcountStatutory"/>
  <system-out/>
</testsuite> <!-- auditor.AuditorcountStatutory -->
