<?xml version="1.0" encoding="UTF-8"?>
<!-- Generated by org.testng.reporters.JUnitReportReporter -->
<testsuite skipped="0" hostname="LAPTOP-TBA24BB5" name="approval.ApprovalcountInternal" tests="14" failures="0" timestamp="2022-12-05T16:47:27 IST" time="639.720" errors="0">
  <testcase name="Login" time="50.410" classname="approval.ApprovalcountInternal"/>
  <system-out/>
  <testcase name="clickCategoriesInternal" time="70.896" classname="approval.ApprovalcountInternal"/>
  <system-out/>
  <testcase name="ClickCompliancesInternal" time="13.788" classname="approval.ApprovalcountInternal"/>
  <system-out/>
  <testcase name="clickUsersInternal" time="15.490" classname="approval.ApprovalcountInternal"/>
  <system-out/>
  <testcase name="SummaryofOverdueCompliances" time="36.570" classname="approval.ApprovalcountInternal"/>
  <system-out/>
  <testcase name="NotCompleted_PieChart" time="35.923" classname="approval.ApprovalcountInternal"/>
  <system-out/>
  <testcase name="Overdue_PieChartInternal" time="34.922" classname="approval.ApprovalcountInternal"/>
  <system-out/>
  <testcase name="PFR_PieChartInternal" time="71.989" classname="approval.ApprovalcountInternal"/>
  <system-out/>
  <testcase name="Rejected_PieChartInternal" time="62.411" classname="approval.ApprovalcountInternal"/>
  <system-out/>
  <testcase name="NotCompleted_PieChartPeriod" time="50.879" classname="approval.ApprovalcountInternal"/>
  <system-out/>
  <testcase name="Overdue_PieChartInternalPeriod" time="36.826" classname="approval.ApprovalcountInternal"/>
  <system-out/>
  <testcase name="PFR_PieChartInternalPeriod" time="75.724" classname="approval.ApprovalcountInternal"/>
  <system-out/>
  <testcase name="Rejected_PieChartInternalPeriod" time="62.527" classname="approval.ApprovalcountInternal"/>
  <system-out/>
  <testcase name="AssignmentReportInternal" time="21.365" classname="approval.ApprovalcountInternal"/>
  <system-out/>
</testsuite> <!-- approval.ApprovalcountInternal -->
