<?xml version="1.0" encoding="UTF-8"?>
<!-- Generated by org.testng.reporters.JUnitReportReporter -->
<testsuite skipped="0" hostname="LAPTOP-TBA24BB5" name="reviewer.ReviewerCount" tests="2" failures="0" timestamp="2022-12-20T19:35:49 IST" time="89.877" errors="0">
  <testcase name="Login" time="45.811" classname="reviewer.ReviewerCount"/>
  <system-out/>
  <testcase name="MyEscalation" time="44.066" classname="reviewer.ReviewerCount"/>
  <system-out/>
</testsuite> <!-- reviewer.ReviewerCount -->
