<?xml version="1.0" encoding="UTF-8"?>
<!-- Generated by org.testng.reporters.JUnitReportReporter -->
<testsuite skipped="0" hostname="LAPTOP-TBA24BB5" name="departmentHead.DeptcountInternal" tests="7" failures="0" timestamp="2022-12-27T19:07:36 IST" time="465.967" errors="0">
  <testcase name="Login" time="56.533" classname="departmentHead.DeptcountInternal"/>
  <system-out/>
  <testcase name="FilterWiseDepartmentCountMatch" time="44.035" classname="departmentHead.DeptcountInternal"/>
  <system-out/>
  <testcase name="PFR_PieChartInternal" time="92.933" classname="departmentHead.DeptcountInternal"/>
  <system-out/>
  <testcase name="Rejected_PieChartInternal" time="61.313" classname="departmentHead.DeptcountInternal"/>
  <system-out/>
  <testcase name="DepartmentSummaryInternal" time="63.681" classname="departmentHead.DeptcountInternal"/>
  <system-out/>
  <testcase name="PFR_PieChartInternalPeriod" time="85.675" classname="departmentHead.DeptcountInternal"/>
  <system-out/>
  <testcase name="Rejected_PieChartInternalPeriod" time="61.797" classname="departmentHead.DeptcountInternal"/>
  <system-out/>
</testsuite> <!-- departmentHead.DeptcountInternal -->
