<?xml version="1.0" encoding="UTF-8"?>
<!-- Generated by org.testng.reporters.JUnitReportReporter -->
<testsuite skipped="0" hostname="LAPTOP-TBA24BB5" name="departmentHead.DeptcountStatutory" tests="9" failures="0" timestamp="2022-12-27T18:49:20 IST" time="869.444" errors="0">
  <testcase name="Login" time="50.495" classname="departmentHead.DeptcountStatutory"/>
  <system-out/>
  <testcase name="FilterWiseDepartmentCountMatch" time="41.779" classname="departmentHead.DeptcountStatutory"/>
  <system-out/>
  <testcase name="ClosedTimely_PieChart" time="98.699" classname="departmentHead.DeptcountStatutory"/>
  <system-out/>
  <testcase name="pendingForReview_PieChart" time="212.604" classname="departmentHead.DeptcountStatutory"/>
  <system-out/>
  <testcase name="inProgress_PieChart" time="76.667" classname="departmentHead.DeptcountStatutory"/>
  <system-out/>
  <testcase name="DepartmentSummaryFinanceStatutory" time="67.898" classname="departmentHead.DeptcountStatutory"/>
  <system-out/>
  <testcase name="ClosedTimely_PieChartPeriod" time="94.523" classname="departmentHead.DeptcountStatutory"/>
  <system-out/>
  <testcase name="pendingForReview_PieChartPeriod" time="154.998" classname="departmentHead.DeptcountStatutory"/>
  <system-out/>
  <testcase name="Inprogress_PieChartPeriod" time="71.781" classname="departmentHead.DeptcountStatutory"/>
  <system-out/>
</testsuite> <!-- departmentHead.DeptcountStatutory -->
