<?xml version="1.0" encoding="UTF-8"?>
<!-- Generated by org.testng.reporters.JUnitReportReporter -->
<testsuite skipped="0" hostname="LAPTOP-TBA24BB5" name="cfo.CFOcountStatutory" tests="2" failures="0" timestamp="2022-12-05T19:33:48 IST" time="63.758" errors="0">
  <testcase name="Login" time="38.222" classname="cfo.CFOcountStatutory"/>
  <system-out/>
  <testcase name="CompliancesCountMatch" time="25.536" classname="cfo.CFOcountStatutory"/>
  <system-out/>
</testsuite> <!-- cfo.CFOcountStatutory -->
