<?xml version="1.0" encoding="UTF-8"?>
<!-- Generated by org.testng.reporters.JUnitReportReporter -->
<testsuite skipped="0" hostname="LAPTOP-TBA24BB5" name="cfo.CFOcountInternal" tests="5" failures="0" timestamp="2022-11-14T15:06:37 IST" time="170.507" errors="0">
  <testcase name="Login" time="35.377" classname="cfo.CFOcountInternal"/>
  <system-out/>
  <testcase name="clickCategoriesInternal" time="70.294" classname="cfo.CFOcountInternal"/>
  <system-out/>
  <testcase name="ClickCompliancesInternal" time="13.447" classname="cfo.CFOcountInternal"/>
  <system-out/>
  <testcase name="clickUsersInternal" time="14.925" classname="cfo.CFOcountInternal"/>
  <system-out/>
  <testcase name="SummaryofOverdueCompliances" time="36.464" classname="cfo.CFOcountInternal"/>
  <system-out/>
</testsuite> <!-- cfo.CFOcountInternal -->
