<?xml version="1.0" encoding="UTF-8"?>
<!-- Generated by org.testng.reporters.JUnitReportReporter -->
<testsuite skipped="0" hostname="LAPTOP-TBA24BB5" name="approval.ApprovalcountStatutory" tests="2" failures="0" timestamp="2022-12-05T16:24:19 IST" time="61.265" errors="0">
  <testcase name="Login" time="30.749" classname="approval.ApprovalcountStatutory"/>
  <system-out/>
  <testcase name="MyReminderStatutory" time="30.516" classname="approval.ApprovalcountStatutory"/>
  <system-out/>
</testsuite> <!-- approval.ApprovalcountStatutory -->
