<?xml version="1.0" encoding="UTF-8"?>
<!-- Generated by org.testng.reporters.JUnitReportReporter -->
<testsuite skipped="0" hostname="LAPTOP-TBA24BB5" name="approval.ApprovalcountStatutory" tests="4" failures="0" timestamp="2022-12-01T19:31:22 IST" time="197.006" errors="0">
  <testcase name="Login" time="34.424" classname="approval.ApprovalcountStatutory"/>
  <system-out/>
  <testcase name="NotCompleted_PieChart" time="59.125" classname="approval.ApprovalcountStatutory"/>
  <system-out/>
  <testcase name="ClosedDelayed_PieChart" time="55.625" classname="approval.ApprovalcountStatutory"/>
  <system-out/>
  <testcase name="ClosedTimely_PieChart" time="47.832" classname="approval.ApprovalcountStatutory"/>
  <system-out/>
</testsuite> <!-- approval.ApprovalcountStatutory -->
