<?xml version="1.0" encoding="UTF-8"?>
<!-- Generated by org.testng.reporters.JUnitReportReporter -->
<testsuite skipped="0" hostname="LAPTOP-TBA24BB5" name="cfo.CFOcountStatutory" tests="14" failures="0" timestamp="2023-01-05T18:27:46 IST" time="754.431" errors="0">
  <testcase name="Login" time="24.657" classname="cfo.CFOcountStatutory"/>
  <system-out/>
  <testcase name="StandardReportOverallIN" time="65.071" classname="cfo.CFOcountStatutory"/>
  <system-out/>
  <testcase name="StandardReportLocationIN" time="60.387" classname="cfo.CFOcountStatutory"/>
  <system-out/>
  <testcase name="StandardReportUserIn" time="58.811" classname="cfo.CFOcountStatutory"/>
  <system-out/>
  <testcase name="StandardReportCategoryIn" time="59.078" classname="cfo.CFOcountStatutory"/>
  <system-out/>
  <testcase name="StandardReportRiskIN" time="61.061" classname="cfo.CFOcountStatutory"/>
  <system-out/>
  <testcase name="StandardReportDetailedIN" time="46.252" classname="cfo.CFOcountStatutory"/>
  <system-out/>
  <testcase name="StandardReportCriticalRiskIN" time="59.089" classname="cfo.CFOcountStatutory"/>
  <system-out/>
  <testcase name="DetailedReportIn" time="116.313" classname="cfo.CFOcountStatutory"/>
  <system-out/>
  <testcase name="AssignmentReport" time="51.477" classname="cfo.CFOcountStatutory"/>
  <system-out/>
  <testcase name="AuditReport" time="34.142" classname="cfo.CFOcountStatutory"/>
  <system-out/>
  <testcase name="ComplianceDocuments" time="78.447" classname="cfo.CFOcountStatutory"/>
  <system-out/>
  <testcase name="InternalMsg" time="23.705" classname="cfo.CFOcountStatutory"/>
  <system-out/>
  <testcase name="SupportTicket" time="15.941" classname="cfo.CFOcountStatutory"/>
  <system-out/>
</testsuite> <!-- cfo.CFOcountStatutory -->
