<?xml version="1.0" encoding="UTF-8"?>
<!-- Generated by org.testng.reporters.JUnitReportReporter -->
<testsuite skipped="0" hostname="LAPTOP-TBA24BB5" name="cfo.CFOcountStatutory" tests="2" failures="0" timestamp="2022-12-21T16:44:19 IST" time="227.110" errors="0">
  <testcase name="Login" time="32.955" classname="cfo.CFOcountStatutory"/>
  <system-out/>
  <testcase name="BargraphIndustrySpeCriticalStatutory" time="194.155" classname="cfo.CFOcountStatutory"/>
  <system-out/>
</testsuite> <!-- cfo.CFOcountStatutory -->
