<?xml version="1.0" encoding="UTF-8"?>
<!-- Generated by org.testng.reporters.JUnitReportReporter -->
<testsuite skipped="0" hostname="LAPTOP-TBA24BB5" name="auditor.AuditorcountInternal" tests="3" failures="0" timestamp="2022-12-23T13:00:45 IST" time="163.999" errors="0">
  <testcase name="Login" time="54.371" classname="auditor.AuditorcountInternal"/>
  <system-out/>
  <testcase name="ClosedTimely_PieChartperiod" time="53.692" classname="auditor.AuditorcountInternal"/>
  <system-out/>
  <testcase name="PFR_PieChartInternalPe" time="55.936" classname="auditor.AuditorcountInternal"/>
  <system-out/>
</testsuite> <!-- auditor.AuditorcountInternal -->
