<?xml version="1.0" encoding="UTF-8"?>
<!-- Generated by org.testng.reporters.JUnitReportReporter -->
<testsuite skipped="0" hostname="LAPTOP-TBA24BB5" name="login.LoginTest" tests="1" failures="0" timestamp="2022-12-16T15:35:26 IST" time="54.331" errors="0">
  <testcase name="f" time="54.331" classname="login.LoginTest"/>
  <system-out/>
</testsuite> <!-- login.LoginTest -->
