<?xml version="1.0" encoding="UTF-8"?>
<!-- Generated by org.testng.reporters.JUnitReportReporter -->
<testsuite skipped="0" hostname="LAPTOP-TBA24BB5" name="departmentHead.DeptcountInternal" tests="4" failures="0" timestamp="2022-12-07T17:49:43 IST" time="284.795" errors="0">
  <testcase name="Login" time="67.436" classname="departmentHead.DeptcountInternal"/>
  <system-out/>
  <testcase name="GradingReportInternal" time="125.964" classname="departmentHead.DeptcountInternal"/>
  <system-out/>
  <testcase name="DailyUpdatesInternal" time="41.543" classname="departmentHead.DeptcountInternal"/>
  <system-out/>
  <testcase name="NewsLetterInternal" time="49.852" classname="departmentHead.DeptcountInternal"/>
  <system-out/>
</testsuite> <!-- departmentHead.DeptcountInternal -->
