<?xml version="1.0" encoding="UTF-8"?>
<!-- Generated by org.testng.reporters.JUnitReportReporter -->
<testsuite skipped="0" hostname="LAPTOP-TBA24BB5" name="cfo.CFOcountInternal" tests="4" failures="0" timestamp="2022-12-01T12:02:30 IST" time="274.082" errors="0">
  <testcase name="Login" time="32.196" classname="cfo.CFOcountInternal"/>
  <system-out/>
  <testcase name="Overdue_PieChartInternalPeriod" time="105.948" classname="cfo.CFOcountInternal"/>
  <system-out/>
  <testcase name="PFR_PieChartInternalPeriod" time="69.698" classname="cfo.CFOcountInternal"/>
  <system-out/>
  <testcase name="Rejected_PieChartInternalPeriod" time="66.240" classname="cfo.CFOcountInternal"/>
  <system-out/>
</testsuite> <!-- cfo.CFOcountInternal -->
