<?xml version="1.0" encoding="UTF-8"?>
<!-- Generated by org.testng.reporters.JUnitReportReporter -->
<testsuite skipped="0" hostname="LAPTOP-TBA24BB5" name="reviewer.ReviewerCount" tests="2" failures="0" timestamp="2023-01-03T17:41:45 IST" time="71.303" errors="0">
  <testcase name="Login" time="37.386" classname="reviewer.ReviewerCount"/>
  <system-out/>
  <testcase name="ReviewCountInternalASR" time="33.917" classname="reviewer.ReviewerCount"/>
  <system-out/>
</testsuite> <!-- reviewer.ReviewerCount -->
