<?xml version="1.0" encoding="UTF-8"?>
<!-- Generated by org.testng.reporters.JUnitReportReporter -->
<testsuite skipped="0" hostname="LAPTOP-TBA24BB5" name="cfo.CFOcountInternal" tests="10" failures="0" timestamp="2022-11-23T10:58:51 IST" time="799.349" errors="0">
  <testcase name="Login" time="33.137" classname="cfo.CFOcountInternal"/>
  <system-out/>
  <testcase name="Overdue_PieChartInternal" time="116.335" classname="cfo.CFOcountInternal"/>
  <system-out/>
  <testcase name="PFR_PieChartInternal" time="133.018" classname="cfo.CFOcountInternal"/>
  <system-out/>
  <testcase name="Rejected_PieChartInternal" time="56.043" classname="cfo.CFOcountInternal"/>
  <system-out/>
  <testcase name="BargraphBSEHighStatutory" time="81.639" classname="cfo.CFOcountInternal"/>
  <system-out/>
  <testcase name="BargraphBSEMediumStatutory" time="74.225" classname="cfo.CFOcountInternal"/>
  <system-out/>
  <testcase name="BargraphBSELowStatutory" time="70.038" classname="cfo.CFOcountInternal"/>
  <system-out/>
  <testcase name="RiskSummaryHighInternal" time="72.423" classname="cfo.CFOcountInternal"/>
  <system-out/>
  <testcase name="RiskSummaryMediumStatutory" time="74.294" classname="cfo.CFOcountInternal"/>
  <system-out/>
  <testcase name="RiskSummaryLowStatutory" time="88.197" classname="cfo.CFOcountInternal"/>
  <system-out/>
</testsuite> <!-- cfo.CFOcountInternal -->
