<?xml version="1.0" encoding="UTF-8"?>
<!-- Generated by org.testng.reporters.JUnitReportReporter -->
<testsuite skipped="16" hostname="LAPTOP-TBA24BB5" name="departmentHead.DeptcountInternal" tests="17" failures="0" timestamp="2022-12-09T10:30:16 IST" time="41.025" errors="1">
  <testcase name="setBrowser" time="41.025" classname="departmentHead.DeptcountInternal">
    <error type="org.openqa.selenium.NoSuchWindowException" message="no such window: target window already closed
from unknown error: web view not found
  (Session info: chrome=108.0.5359.95)
Build info: version: &#039;4.2.1&#039;, revision: &#039;ac4d0fdd4a&#039;
System info: host: &#039;LAPTOP-TBA24BB5&#039;, ip: &#039;169.254.196.149&#039;, os.name: &#039;Windows 10&#039;, os.arch: &#039;x86&#039;, os.version: &#039;10.0&#039;, java.version: &#039;1.8.0_221&#039;
Driver info: org.openqa.selenium.chrome.ChromeDriver
Command: [cb7aff599419cbb02bdaa532c96a97a3, maximizeCurrentWindow {}]
Capabilities {acceptInsecureCerts: false, browserName: chrome, browserVersion: 108.0.5359.95, chrome: {chromedriverVersion: 108.0.5359.71 (1e0e3868ee06..., userDataDir: C:\Users\sandip\AppData\Loc...}, goog:chromeOptions: {debuggerAddress: localhost:51750}, networkConnectionEnabled: false, pageLoadStrategy: normal, platformName: WINDOWS, proxy: Proxy(), setWindowRect: true, strictFileInteractability: false, timeouts: {implicit: 0, pageLoad: 300000, script: 30000}, unhandledPromptBehavior: dismiss and notify, webauthn:extension:credBlob: true, webauthn:extension:largeBlob: true, webauthn:virtualAuthenticators: true}
Session ID: cb7aff599419cbb02bdaa532c96a97a3">
      <![CDATA[org.openqa.selenium.NoSuchWindowException: no such window: target window already closed
from unknown error: web view not found
  (Session info: chrome=108.0.5359.95)
Build info: version: '4.2.1', revision: 'ac4d0fdd4a'
System info: host: 'LAPTOP-TBA24BB5', ip: '169.254.196.149', os.name: 'Windows 10', os.arch: 'x86', os.version: '10.0', java.version: '1.8.0_221'
Driver info: org.openqa.selenium.chrome.ChromeDriver
Command: [cb7aff599419cbb02bdaa532c96a97a3, maximizeCurrentWindow {}]
Capabilities {acceptInsecureCerts: false, browserName: chrome, browserVersion: 108.0.5359.95, chrome: {chromedriverVersion: 108.0.5359.71 (1e0e3868ee06..., userDataDir: C:\Users\sandip\AppData\Loc...}, goog:chromeOptions: {debuggerAddress: localhost:51750}, networkConnectionEnabled: false, pageLoadStrategy: normal, platformName: WINDOWS, proxy: Proxy(), setWindowRect: true, strictFileInteractability: false, timeouts: {implicit: 0, pageLoad: 300000, script: 30000}, unhandledPromptBehavior: dismiss and notify, webauthn:extension:credBlob: true, webauthn:extension:largeBlob: true, webauthn:virtualAuthenticators: true}
Session ID: cb7aff599419cbb02bdaa532c96a97a3
at sun.reflect.NativeConstructorAccessorImpl.newInstance0(Native Method)
at sun.reflect.NativeConstructorAccessorImpl.newInstance(Unknown Source)
at sun.reflect.DelegatingConstructorAccessorImpl.newInstance(Unknown Source)
at java.lang.reflect.Constructor.newInstance(Unknown Source)
at org.openqa.selenium.remote.codec.w3c.W3CHttpResponseCodec.createException(W3CHttpResponseCodec.java:200)
at org.openqa.selenium.remote.codec.w3c.W3CHttpResponseCodec.decode(W3CHttpResponseCodec.java:133)
at org.openqa.selenium.remote.codec.w3c.W3CHttpResponseCodec.decode(W3CHttpResponseCodec.java:53)
at org.openqa.selenium.remote.HttpCommandExecutor.execute(HttpCommandExecutor.java:184)
at org.openqa.selenium.remote.service.DriverCommandExecutor.invokeExecute(DriverCommandExecutor.java:167)
at org.openqa.selenium.remote.service.DriverCommandExecutor.execute(DriverCommandExecutor.java:142)
at org.openqa.selenium.remote.RemoteWebDriver.execute(RemoteWebDriver.java:551)
at org.openqa.selenium.remote.RemoteWebDriver.execute(RemoteWebDriver.java:606)
at org.openqa.selenium.remote.RemoteWebDriver.execute(RemoteWebDriver.java:610)
at org.openqa.selenium.remote.RemoteWebDriver$RemoteWebDriverOptions$RemoteWindow.maximize(RemoteWebDriver.java:980)
at login.Login.BrowserSetup(Login.java:23)
at departmentHead.DeptcountInternal.setBrowser(DeptcountInternal.java:72)
at sun.reflect.NativeMethodAccessorImpl.invoke0(Native Method)
at sun.reflect.NativeMethodAccessorImpl.invoke(Unknown Source)
at sun.reflect.DelegatingMethodAccessorImpl.invoke(Unknown Source)
at java.lang.reflect.Method.invoke(Unknown Source)
at org.testng.internal.MethodInvocationHelper.invokeMethod(MethodInvocationHelper.java:133)
at org.testng.internal.MethodInvocationHelper.invokeMethodConsideringTimeout(MethodInvocationHelper.java:62)
at org.testng.internal.ConfigInvoker.invokeConfigurationMethod(ConfigInvoker.java:385)
at org.testng.internal.ConfigInvoker.invokeConfigurations(ConfigInvoker.java:321)
at org.testng.TestRunner.invokeTestConfigurations(TestRunner.java:637)
at org.testng.TestRunner.beforeRun(TestRunner.java:627)
at org.testng.TestRunner.run(TestRunner.java:589)
at org.testng.SuiteRunner.runTest(SuiteRunner.java:377)
at org.testng.SuiteRunner.runSequentially(SuiteRunner.java:371)
at org.testng.SuiteRunner.privateRun(SuiteRunner.java:332)
at org.testng.SuiteRunner.run(SuiteRunner.java:276)
at org.testng.SuiteRunnerWorker.runSuite(SuiteRunnerWorker.java:53)
at org.testng.SuiteRunnerWorker.run(SuiteRunnerWorker.java:96)
at org.testng.TestNG.runSuitesSequentially(TestNG.java:1212)
at org.testng.TestNG.runSuitesLocally(TestNG.java:1134)
at org.testng.TestNG.runSuites(TestNG.java:1063)
at org.testng.TestNG.run(TestNG.java:1031)
at org.testng.remote.AbstractRemoteTestNG.run(AbstractRemoteTestNG.java:115)
at org.testng.remote.RemoteTestNG.initAndRun(RemoteTestNG.java:251)
at org.testng.remote.RemoteTestNG.main(RemoteTestNG.java:77)
]]>
    </error>
  </testcase> <!-- setBrowser -->
  <system-out/>
  <testcase name="Login" time="0.000" classname="departmentHead.DeptcountInternal">
    <skipped/>
  </testcase> <!-- Login -->
  <system-out/>
  <testcase name="ClickCompliancesInternal" time="0.000" classname="departmentHead.DeptcountInternal">
    <skipped/>
  </testcase> <!-- ClickCompliancesInternal -->
  <system-out/>
  <testcase name="clickUsersInternal" time="0.000" classname="departmentHead.DeptcountInternal">
    <skipped/>
  </testcase> <!-- clickUsersInternal -->
  <system-out/>
  <testcase name="SummaryofOverdueCompliances" time="0.000" classname="departmentHead.DeptcountInternal">
    <skipped/>
  </testcase> <!-- SummaryofOverdueCompliances -->
  <system-out/>
  <testcase name="NotCompleted_PieChart" time="0.000" classname="departmentHead.DeptcountInternal">
    <skipped/>
  </testcase> <!-- NotCompleted_PieChart -->
  <system-out/>
  <testcase name="Overdue_PieChartInternal" time="0.000" classname="departmentHead.DeptcountInternal">
    <skipped/>
  </testcase> <!-- Overdue_PieChartInternal -->
  <system-out/>
  <testcase name="PFR_PieChartInternal" time="0.000" classname="departmentHead.DeptcountInternal">
    <skipped/>
  </testcase> <!-- PFR_PieChartInternal -->
  <system-out/>
  <testcase name="Rejected_PieChartInternal" time="0.000" classname="departmentHead.DeptcountInternal">
    <skipped/>
  </testcase> <!-- Rejected_PieChartInternal -->
  <system-out/>
  <testcase name="DepartmentSummaryInternal" time="0.000" classname="departmentHead.DeptcountInternal">
    <skipped/>
  </testcase> <!-- DepartmentSummaryInternal -->
  <system-out/>
  <testcase name="NotCompleted_PieChartPeriod" time="0.000" classname="departmentHead.DeptcountInternal">
    <skipped/>
  </testcase> <!-- NotCompleted_PieChartPeriod -->
  <system-out/>
  <testcase name="Overdue_PieChartInternalPeriod" time="0.000" classname="departmentHead.DeptcountInternal">
    <skipped/>
  </testcase> <!-- Overdue_PieChartInternalPeriod -->
  <system-out/>
  <testcase name="PFR_PieChartInternalPeriod" time="0.000" classname="departmentHead.DeptcountInternal">
    <skipped/>
  </testcase> <!-- PFR_PieChartInternalPeriod -->
  <system-out/>
  <testcase name="Rejected_PieChartInternalPeriod" time="0.000" classname="departmentHead.DeptcountInternal">
    <skipped/>
  </testcase> <!-- Rejected_PieChartInternalPeriod -->
  <system-out/>
  <testcase name="GradingReportInternal" time="0.000" classname="departmentHead.DeptcountInternal">
    <skipped/>
  </testcase> <!-- GradingReportInternal -->
  <system-out/>
  <testcase name="DailyUpdatesInternal" time="0.000" classname="departmentHead.DeptcountInternal">
    <skipped/>
  </testcase> <!-- DailyUpdatesInternal -->
  <system-out/>
  <testcase name="NewsLetterInternal" time="0.000" classname="departmentHead.DeptcountInternal">
    <skipped/>
  </testcase> <!-- NewsLetterInternal -->
  <system-out/>
</testsuite> <!-- departmentHead.DeptcountInternal -->
