<?xml version="1.0" encoding="UTF-8"?>
<!-- Generated by org.testng.reporters.JUnitReportReporter -->
<testsuite skipped="0" hostname="LAPTOP-TBA24BB5" name="cfo.CFOcountStatutory" tests="2" failures="0" timestamp="2022-12-02T19:32:56 IST" time="47.331" errors="0">
  <testcase name="Login" time="28.597" classname="cfo.CFOcountStatutory"/>
  <system-out/>
  <testcase name="CompliancesCountMatch" time="18.734" classname="cfo.CFOcountStatutory"/>
  <system-out/>
</testsuite> <!-- cfo.CFOcountStatutory -->
