<?xml version="1.0" encoding="UTF-8"?>
<!-- Generated by org.testng.reporters.JUnitReportReporter -->
<testsuite skipped="0" hostname="LAPTOP-TBA24BB5" name="performer.OverdueCount" tests="2" failures="0" timestamp="2022-12-16T18:06:17 IST" time="106.767" errors="0">
  <testcase name="Login" time="30.680" classname="performer.OverdueCount"/>
  <system-out/>
  <testcase name="CriticalDocuments" time="76.087" classname="performer.OverdueCount"/>
  <system-out/>
</testsuite> <!-- performer.OverdueCount -->
