<?xml version="1.0" encoding="UTF-8"?>
<!-- Generated by org.testng.reporters.JUnitReportReporter -->
<testsuite skipped="0" hostname="LAPTOP-TBA24BB5" name="reviewer.ReviewerCount" tests="10" failures="0" timestamp="2023-01-02T18:38:23 IST" time="264.291" errors="0">
  <testcase name="Login" time="41.159" classname="reviewer.ReviewerCount"/>
  <system-out/>
  <testcase name="CompletedCountStatutory" time="25.365" classname="reviewer.ReviewerCount"/>
  <system-out/>
  <testcase name="CompletedCountInternal" time="24.168" classname="reviewer.ReviewerCount"/>
  <system-out/>
  <testcase name="OverdueCountStatutory" time="28.209" classname="reviewer.ReviewerCount"/>
  <system-out/>
  <testcase name="OverdueCountInternal" time="27.695" classname="reviewer.ReviewerCount"/>
  <system-out/>
  <testcase name="EventsCount" time="22.080" classname="reviewer.ReviewerCount"/>
  <system-out/>
  <testcase name="ActivatedEventsCount" time="23.603" classname="reviewer.ReviewerCount"/>
  <system-out/>
  <testcase name="Compliancecalendar" time="30.396" classname="reviewer.ReviewerCount"/>
  <system-out/>
  <testcase name="InternalMsg" time="23.675" classname="reviewer.ReviewerCount"/>
  <system-out/>
  <testcase name="SupportTicket" time="17.941" classname="reviewer.ReviewerCount"/>
  <system-out/>
</testsuite> <!-- reviewer.ReviewerCount -->
