<?xml version="1.0" encoding="UTF-8"?>
<!-- Generated by org.testng.reporters.JUnitReportReporter -->
<testsuite skipped="0" hostname="LAPTOP-TBA24BB5" name="performer.FePerformer" tests="2" failures="0" timestamp="2022-11-24T12:50:37 IST" time="70.725" errors="0">
  <testcase name="Login" time="35.344" classname="performer.FePerformer"/>
  <system-out/>
  <testcase name="ActivatedEventsSingle" time="35.381" classname="performer.FePerformer"/>
  <system-out/>
</testsuite> <!-- performer.FePerformer -->
