<?xml version="1.0" encoding="UTF-8"?>
<!-- Generated by org.testng.reporters.JUnitReportReporter -->
<testsuite skipped="0" hostname="LAPTOP-TBA24BB5" name="reviewer.ReviewerCount" tests="10" failures="0" timestamp="2023-01-03T18:53:00 IST" time="334.574" errors="0">
  <testcase name="Login" time="40.791" classname="reviewer.ReviewerCount"/>
  <system-out/>
  <testcase name="ReviewCountStatutoryASA" time="31.391" classname="reviewer.ReviewerCount"/>
  <system-out/>
  <testcase name="ReviewCountStatutoryASR" time="31.745" classname="reviewer.ReviewerCount"/>
  <system-out/>
  <testcase name="ReviewCountInternalASA" time="24.356" classname="reviewer.ReviewerCount"/>
  <system-out/>
  <testcase name="ReviewCountInternalASR" time="24.755" classname="reviewer.ReviewerCount"/>
  <system-out/>
  <testcase name="ClosedEventsCount" time="22.235" classname="reviewer.ReviewerCount"/>
  <system-out/>
  <testcase name="TaskReport" time="37.944" classname="reviewer.ReviewerCount"/>
  <system-out/>
  <testcase name="ComplianceRepository" time="22.454" classname="reviewer.ReviewerCount"/>
  <system-out/>
  <testcase name="EventReport" time="35.436" classname="reviewer.ReviewerCount"/>
  <system-out/>
  <testcase name="CriticalDocuments" time="63.467" classname="reviewer.ReviewerCount"/>
  <system-out/>
</testsuite> <!-- reviewer.ReviewerCount -->
