<?xml version="1.0" encoding="UTF-8"?>
<!-- Generated by org.testng.reporters.JUnitReportReporter -->
<testsuite skipped="0" hostname="LAPTOP-TBA24BB5" name="approval.ApprovalcountStatutory" tests="9" failures="0" timestamp="2022-12-27T19:22:33 IST" time="506.345" errors="0">
  <testcase name="Login" time="33.323" classname="approval.ApprovalcountStatutory"/>
  <system-out/>
  <testcase name="ClosedDelayed_PieChart" time="58.265" classname="approval.ApprovalcountStatutory"/>
  <system-out/>
  <testcase name="ClosedTimely_PieChart" time="46.738" classname="approval.ApprovalcountStatutory"/>
  <system-out/>
  <testcase name="pendingForReview_PieChart" time="56.593" classname="approval.ApprovalcountStatutory"/>
  <system-out/>
  <testcase name="rejected_PieChart" time="63.029" classname="approval.ApprovalcountStatutory"/>
  <system-out/>
  <testcase name="RiskSummaryHighStatutory" time="51.457" classname="approval.ApprovalcountStatutory"/>
  <system-out/>
  <testcase name="DepartmentSummaryAccountStatutory" time="92.064" classname="approval.ApprovalcountStatutory"/>
  <system-out/>
  <testcase name="ClosedTimely_PieChartPeriod" time="51.840" classname="approval.ApprovalcountStatutory"/>
  <system-out/>
  <testcase name="pendingForReview_PieChartPeriod" time="53.036" classname="approval.ApprovalcountStatutory"/>
  <system-out/>
</testsuite> <!-- approval.ApprovalcountStatutory -->
